0 info it worked if it ends with ok
1 verbose cli [ 'C:\\Program Files (x86)\\nodejs\\\\node.exe',
1 verbose cli   'C:\\Program Files (x86)\\nodejs\\node_modules\\npm\\bin\\npm-cli.js',
1 verbose cli   'install',
1 verbose cli   'boostrap' ]
2 info using npm@1.3.2
3 info using node@v0.10.13
4 verbose node symlink C:\Program Files (x86)\nodejs\\node.exe
5 verbose cache add [ 'boostrap', null ]
6 verbose cache add name=undefined spec="boostrap" args=["boostrap",null]
7 verbose parsed url { protocol: null,
7 verbose parsed url   slashes: null,
7 verbose parsed url   auth: null,
7 verbose parsed url   host: null,
7 verbose parsed url   port: null,
7 verbose parsed url   hostname: null,
7 verbose parsed url   hash: null,
7 verbose parsed url   search: null,
7 verbose parsed url   query: null,
7 verbose parsed url   pathname: 'boostrap',
7 verbose parsed url   path: 'boostrap',
7 verbose parsed url   href: 'boostrap' }
8 silly lockFile 6781790b-boostrap boostrap
9 verbose lock boostrap C:\Users\Daniel\AppData\Roaming\npm-cache\6781790b-boostrap.lock
10 silly lockFile 6781790b-boostrap boostrap
11 silly lockFile 6781790b-boostrap boostrap
12 verbose addNamed [ 'boostrap', '' ]
13 verbose addNamed [ null, '*' ]
14 silly lockFile 083cec0e-boostrap boostrap@
15 verbose lock boostrap@ C:\Users\Daniel\AppData\Roaming\npm-cache\083cec0e-boostrap.lock
16 silly addNameRange { name: 'boostrap', range: '*', hasData: false }
17 verbose url raw boostrap
18 verbose url resolving [ 'https://registry.npmjs.org/', './boostrap' ]
19 verbose url resolved https://registry.npmjs.org/boostrap
20 info trying registry request attempt 1 at 18:14:12
21 http GET https://registry.npmjs.org/boostrap
22 http 404 https://registry.npmjs.org/boostrap
23 silly registry.get cb [ 404,
23 silly registry.get   { server: 'CouchDB/1.5.0 (Erlang OTP/R16B03)',
23 silly registry.get     'content-type': 'application/json',
23 silly registry.get     'cache-control': 'max-age=0',
23 silly registry.get     'content-length': '51',
23 silly registry.get     'accept-ranges': 'bytes',
23 silly registry.get     date: 'Thu, 04 Jun 2015 01:14:08 GMT',
23 silly registry.get     via: '1.1 varnish',
23 silly registry.get     age: '0',
23 silly registry.get     connection: 'keep-alive',
23 silly registry.get     'x-served-by': 'cache-sjc3122-SJC',
23 silly registry.get     'x-cache': 'MISS',
23 silly registry.get     'x-cache-hits': '0',
23 silly registry.get     'x-timer': 'S1433380448.666658,VS0,VE40' } ]
24 silly lockFile 083cec0e-boostrap boostrap@
25 silly lockFile 083cec0e-boostrap boostrap@
26 error 404 'boostrap' is not in the npm registry.
26 error 404 You should bug the author to publish it
26 error 404
26 error 404 Note that you can also install from a
26 error 404 tarball, folder, or http url, or git url.
27 error System Windows_NT 6.2.9200
28 error command "C:\\Program Files (x86)\\nodejs\\\\node.exe" "C:\\Program Files (x86)\\nodejs\\node_modules\\npm\\bin\\npm-cli.js" "install" "boostrap"
29 error cwd C:\Users\Daniel\OneDrive\Design\dcPortfolio3\site\danielPortfolio
30 error node -v v0.10.13
31 error npm -v 1.3.2
32 error code E404
33 verbose exit [ 1, true ]
